<?xml version="1.0" encoding="UTF-8"?>
<beans xmlns="http://www.springframework.org/schema/beans"
	xmlns:xsi="http://www.w3.org/2001/XMLSchema-instance"
	xmlns:aop="http://www.springframework.org/schema/aop"
	xmlns:context="http://www.springframework.org/schema/context"
	xmlns:tx="http://www.springframework.org/schema/tx"
	xmlns:jdbc="http://www.springframework.org/schema/jdbc"
	xsi:schemaLocation="http://www.springframework.org/schema/beans 
						http://www.springframework.org/schema/beans/spring-beans-3.0.xsd
						http://www.springframework.org/schema/aop 
						http://www.springframework.org/schema/aop/spring-aop-3.0.xsd
						http://www.springframework.org/schema/context 
						http://www.springframework.org/schema/context/spring-context-3.0.xsd
						http://www.springframework.org/schema/tx
						http://www.springframework.org/schema/tx/spring-tx-3.0.xsd
						http://www.springframework.org/schema/jdbc
						http://www.springframework.org/schema/jdbc/spring-jdbc-3.0.xsd ">
	<!-- aop -->
	<tx:annotation-driven />
	<!--  -->
	<context:annotation-config />

	<jdbc:embedded-database id="embeddedDataBase" type="HSQL">
		<jdbc:script location=
			"classpath:/springbook/user/sqlservice/updatable/sqlRegistrySchema.sql"/>
	</jdbc:embedded-database>
						
	<bean id="dataSource" class="org.springframework.jdbc.datasource.SimpleDriverDataSource">
		<property name="driverClass" value="com.mysql.jdbc.Driver" />
		<property name="url" value="jdbc:mysql://localhost/springbook?characterEncoding=UTF-8" />
		<property name="username" value="spring" />
		<property name="password" value="book" />
	</bean>
	
	<bean id="transactionManager" class="org.springframework.jdbc.datasource.DataSourceTransactionManager">
		<property name="dataSource" ref="dataSource" />  
	</bean>
	
	<!--  application components -->
	<bean id="userDao" class="springbook.user.dao.UserDaoJdbc">
		<property name="dataSource" ref="dataSource" />
		<property name="sqlService" ref="sqlService" />
	</bean> 
	<!-- 
 	<bean id="sqlService" class="springbook.user.sqlservice.DefaultSqlService" />
 	 -->
 	<bean id="sqlService" class="springbook.user.sqlservice.OxmSqlService">
 		<property name="unmarshaller" ref="unmarshaller" />
 		<property name="sqlRegistry" ref="sqlRegistry" />
 	</bean>
 	
 	<bean id="unmarshaller" class="org.springframework.oxm.jaxb.Jaxb2Marshaller">
 		<property name="contextPath" value="springbook.user.sqlservice.jaxb" /> 		
 	</bean>
 	
 	<bean id="sqlRegistry" 
 		class="springbook.user.sqlservice.updatable.EmbeddedDbSqlRegistry">
 		<property name="dataSource" ref="embeddedDataBase" />
 	</bean>
	

	
	<bean id="userService" class="springbook.user.service.UserServiceImpl">
		<property name="userDao" ref="userDao" />
		<property name="mailSender" ref="mailSender" />
	</bean>
	
	<bean id="testUserService" class="springbook.user.service.UserServiceTest$TestUserService" parent="userService" />
	
	<!-- 
	<bean id="mailSender" class="org.springframework.mail.javamail.JavaMailSenderImpl">
		<property name="host" value="mail.server.com" />
	</bean>
	 -->
	<bean id="mailSender" class="springbook.user.service.DummyMailSender" />
	
	
</beans>
